<?xml version="1.0" encoding="UTF-8"?>
<testsuite xmlns:xsi="http://www.w3.org/2001/XMLSchema-instance" xsi:noNamespaceSchemaLocation="https://maven.apache.org/surefire/maven-surefire-plugin/xsd/surefire-test-report-3.0.xsd" version="3.0" name="com.server.log.extractor.ServerLogExtractor.ServerLogExtractorApplicationTests" time="2.564" tests="1" errors="0" skipped="0" failures="0">
  <properties>
[...]
</properties>
  <testcase name="contextLoads" classname="com.server.log.extractor.ServerLogExtractor.ServerLogExtractorApplicationTests" time="0.658">
    <system-out><![CDATA[11:22:04.620 [main] INFO org.springframework.test.context.support.AnnotationConfigContextLoaderUtils -- Could not detect default configuration classes for test class [com.server.log.extractor.ServerLogExtractor.ServerLogExtractorApplicationTests]: ServerLogExtractorApplicationTests does not declare any static, non-private, non-final, nested classes annotated with @Configuration.
11:22:04.694 [main] INFO org.springframework.boot.test.context.SpringBootTestContextBootstrapper -- Found @SpringBootConfiguration com.server.log.extractor.ServerLogExtractor.ServerLogExtractorApplication for test class com.server.log.extractor.ServerLogExtractor.ServerLogExtractorApplicationTests

  .   ____          _            __ _ _
 /\\ / ___'_ __ _ _(_)_ __  __ _ \ \ \ \
( ( )\___ | '_ | '_| | '_ \/ _` | \ \ \ \
 \\/  ___)| |_)| | | | | || (_| |  ) ) ) )
  '  |____| .__|_| |_|_| |_\__, | / / / /
 =========|_|==============|___/=/_/_/_/

 :: Spring Boot ::                (v3.3.2)

2024-08-04T11:22:04.893+03:00  INFO 27803 --- [ServerLogExtractor] [           main] l.e.S.ServerLogExtractorApplicationTests : Starting ServerLogExtractorApplicationTests using Java 17.0.6 with PID 27803 (started by fabian.codau in /Users/fabian.codau/Desktop/ServerLogExtractor)
2024-08-04T11:22:04.894+03:00  INFO 27803 --- [ServerLogExtractor] [           main] l.e.S.ServerLogExtractorApplicationTests : No active profile set, falling back to 1 default profile: "default"
2024-08-04T11:22:05.233+03:00  INFO 27803 --- [ServerLogExtractor] [           main] .s.d.r.c.RepositoryConfigurationDelegate : Bootstrapping Spring Data JPA repositories in DEFAULT mode.
2024-08-04T11:22:05.245+03:00  INFO 27803 --- [ServerLogExtractor] [           main] .s.d.r.c.RepositoryConfigurationDelegate : Finished Spring Data repository scanning in 7 ms. Found 0 JPA repository interfaces.
2024-08-04T11:22:05.459+03:00  INFO 27803 --- [ServerLogExtractor] [           main] com.zaxxer.hikari.HikariDataSource       : HikariPool-1 - Starting...
2024-08-04T11:22:05.557+03:00  INFO 27803 --- [ServerLogExtractor] [           main] com.zaxxer.hikari.pool.HikariPool        : HikariPool-1 - Added connection conn0: url=jdbc:h2:mem:9eafb2b4-2e73-4365-9454-8f7d1be9d5bb user=SA
2024-08-04T11:22:05.558+03:00  INFO 27803 --- [ServerLogExtractor] [           main] com.zaxxer.hikari.HikariDataSource       : HikariPool-1 - Start completed.
2024-08-04T11:22:05.584+03:00  INFO 27803 --- [ServerLogExtractor] [           main] o.hibernate.jpa.internal.util.LogHelper  : HHH000204: Processing PersistenceUnitInfo [name: default]
2024-08-04T11:22:05.613+03:00  INFO 27803 --- [ServerLogExtractor] [           main] org.hibernate.Version                    : HHH000412: Hibernate ORM core version 6.5.2.Final
2024-08-04T11:22:05.631+03:00  INFO 27803 --- [ServerLogExtractor] [           main] o.h.c.internal.RegionFactoryInitiator    : HHH000026: Second-level cache disabled
2024-08-04T11:22:05.778+03:00  INFO 27803 --- [ServerLogExtractor] [           main] o.s.o.j.p.SpringPersistenceUnitInfo      : No LoadTimeWeaver setup: ignoring JPA class transformer
2024-08-04T11:22:05.974+03:00  INFO 27803 --- [ServerLogExtractor] [           main] o.h.e.t.j.p.i.JtaPlatformInitiator       : HHH000489: No JTA platform available (set 'hibernate.transaction.jta.platform' to enable JTA platform integration)
2024-08-04T11:22:05.977+03:00  INFO 27803 --- [ServerLogExtractor] [           main] j.LocalContainerEntityManagerFactoryBean : Initialized JPA EntityManagerFactory for persistence unit 'default'
2024-08-04T11:22:06.063+03:00  WARN 27803 --- [ServerLogExtractor] [           main] JpaBaseConfiguration$JpaWebConfiguration : spring.jpa.open-in-view is enabled by default. Therefore, database queries may be performed during view rendering. Explicitly configure spring.jpa.open-in-view to disable this warning
2024-08-04T11:22:06.211+03:00  WARN 27803 --- [ServerLogExtractor] [           main] ion$DefaultTemplateResolverConfiguration : Cannot find template location: classpath:/templates/ (please add some templates, check your Thymeleaf configuration, or set spring.thymeleaf.check-template-location=false)
2024-08-04T11:22:06.264+03:00  WARN 27803 --- [ServerLogExtractor] [           main] .s.s.UserDetailsServiceAutoConfiguration : 

Using generated security password: 7098292c-132a-44f2-b996-c3fa808400a0

This generated password is for development use only. Your security configuration must be updated before running your application in production.

2024-08-04T11:22:06.279+03:00  INFO 27803 --- [ServerLogExtractor] [           main] r$InitializeUserDetailsManagerConfigurer : Global AuthenticationManager configured with UserDetailsService bean with name inMemoryUserDetailsManager
2024-08-04T11:22:06.359+03:00  INFO 27803 --- [ServerLogExtractor] [           main] l.e.S.ServerLogExtractorApplicationTests : Started ServerLogExtractorApplicationTests in 1.58 seconds (process running for 2.281)
]]></system-out>
  </testcase>
</testsuite>